2023-03-02 22:54:43,101 ERROR 36675 [-/127.0.0.1/-/5ms GET /chat?question=%E4%BD%A0%E4%BC%9A%E5%AB%A6%E5%A8%A5%E5%90%97] nodejs.TypeError: Cannot read properties of undefined (reading 'query')
    at HomeController.chat (/Users/wuxianlin/Documents/github_money/youbot/app/controller/home.js:12:31)
    at Object.callFn (/Users/wuxianlin/Documents/github_money/youbot/node_modules/egg-core/lib/utils/index.js:44:21)
    at Object.classControllerMiddleware (/Users/wuxianlin/Documents/github_money/youbot/node_modules/egg-core/lib/loader/mixin/controller.js:87:20)
    at Object.callFn (/Users/wuxianlin/Documents/github_money/youbot/node_modules/@eggjs/router/lib/utils.js:12:21)
    at wrappedController (/Users/wuxianlin/Documents/github_money/youbot/node_modules/@eggjs/router/lib/egg_router.js:322:18)
    at dispatch (/Users/wuxianlin/Documents/github_money/youbot/node_modules/koa-compose/index.js:44:32)
    at next (/Users/wuxianlin/Documents/github_money/youbot/node_modules/koa-compose/index.js:45:18)
    at /Users/wuxianlin/Documents/github_money/youbot/node_modules/@eggjs/router/lib/router.js:186:18
    at dispatch (/Users/wuxianlin/Documents/github_money/youbot/node_modules/koa-compose/index.js:44:32)
    at /Users/wuxianlin/Documents/github_money/youbot/node_modules/koa-compose/index.js:36:12

pid: 36675
hostname: wuxianlindeMBP.lan

2023-03-02 22:55:01,820 ERROR 36768 [-/127.0.0.1/-/6ms GET /chat?question=%E4%BD%A0%E4%BC%9A%E5%AB%A6%E5%A8%A5%E5%90%97] nodejs.TypeError: Cannot read properties of undefined (reading 'query')
    at HomeController.chat (/Users/wuxianlin/Documents/github_money/youbot/app/controller/home.js:12:31)
    at Object.callFn (/Users/wuxianlin/Documents/github_money/youbot/node_modules/egg-core/lib/utils/index.js:44:21)
    at Object.classControllerMiddleware (/Users/wuxianlin/Documents/github_money/youbot/node_modules/egg-core/lib/loader/mixin/controller.js:87:20)
    at Object.callFn (/Users/wuxianlin/Documents/github_money/youbot/node_modules/@eggjs/router/lib/utils.js:12:21)
    at wrappedController (/Users/wuxianlin/Documents/github_money/youbot/node_modules/@eggjs/router/lib/egg_router.js:322:18)
    at dispatch (/Users/wuxianlin/Documents/github_money/youbot/node_modules/koa-compose/index.js:44:32)
    at next (/Users/wuxianlin/Documents/github_money/youbot/node_modules/koa-compose/index.js:45:18)
    at /Users/wuxianlin/Documents/github_money/youbot/node_modules/@eggjs/router/lib/router.js:186:18
    at dispatch (/Users/wuxianlin/Documents/github_money/youbot/node_modules/koa-compose/index.js:44:32)
    at /Users/wuxianlin/Documents/github_money/youbot/node_modules/koa-compose/index.js:36:12

pid: 36768
hostname: wuxianlindeMBP.lan

2023-03-02 23:19:14,524 ERROR 37982 [-/127.0.0.1/-/13ms POST /chat] nodejs.TypeError: Cannot read properties of undefined (reading 'question')
    at HomeController.chat (/Users/wuxianlin/Documents/github_money/youbot/app/controller/home.js:14:34)
    at Object.callFn (/Users/wuxianlin/Documents/github_money/youbot/node_modules/egg-core/lib/utils/index.js:44:21)
    at Object.classControllerMiddleware (/Users/wuxianlin/Documents/github_money/youbot/node_modules/egg-core/lib/loader/mixin/controller.js:87:20)
    at Object.callFn (/Users/wuxianlin/Documents/github_money/youbot/node_modules/@eggjs/router/lib/utils.js:12:21)
    at wrappedController (/Users/wuxianlin/Documents/github_money/youbot/node_modules/@eggjs/router/lib/egg_router.js:322:18)
    at dispatch (/Users/wuxianlin/Documents/github_money/youbot/node_modules/koa-compose/index.js:44:32)
    at next (/Users/wuxianlin/Documents/github_money/youbot/node_modules/koa-compose/index.js:45:18)
    at /Users/wuxianlin/Documents/github_money/youbot/node_modules/@eggjs/router/lib/router.js:186:18
    at dispatch (/Users/wuxianlin/Documents/github_money/youbot/node_modules/koa-compose/index.js:44:32)
    at /Users/wuxianlin/Documents/github_money/youbot/node_modules/koa-compose/index.js:36:12

pid: 37982
hostname: wuxianlindeMBP.lan

2023-03-02 23:19:15,667 ERROR 37982 [-/127.0.0.1/-/2ms POST /chat] nodejs.TypeError: Cannot read properties of undefined (reading 'question')
    at HomeController.chat (/Users/wuxianlin/Documents/github_money/youbot/app/controller/home.js:14:34)
    at Object.callFn (/Users/wuxianlin/Documents/github_money/youbot/node_modules/egg-core/lib/utils/index.js:44:21)
    at Object.classControllerMiddleware (/Users/wuxianlin/Documents/github_money/youbot/node_modules/egg-core/lib/loader/mixin/controller.js:87:20)
    at Object.callFn (/Users/wuxianlin/Documents/github_money/youbot/node_modules/@eggjs/router/lib/utils.js:12:21)
    at wrappedController (/Users/wuxianlin/Documents/github_money/youbot/node_modules/@eggjs/router/lib/egg_router.js:322:18)
    at dispatch (/Users/wuxianlin/Documents/github_money/youbot/node_modules/koa-compose/index.js:44:32)
    at next (/Users/wuxianlin/Documents/github_money/youbot/node_modules/koa-compose/index.js:45:18)
    at /Users/wuxianlin/Documents/github_money/youbot/node_modules/@eggjs/router/lib/router.js:186:18
    at dispatch (/Users/wuxianlin/Documents/github_money/youbot/node_modules/koa-compose/index.js:44:32)
    at /Users/wuxianlin/Documents/github_money/youbot/node_modules/koa-compose/index.js:36:12

pid: 37982
hostname: wuxianlindeMBP.lan

2023-03-02 23:21:51,338 ERROR 38217 [-/127.0.0.1/-/43754ms POST /chat] nodejs.ProtocolError: Protocol error (Runtime.callFunctionOn): Target closed.
    at /Users/wuxianlin/Documents/github_money/youbot/node_modules/puppeteer-core/lib/cjs/puppeteer/common/Connection.js:330:24
    at new Promise (<anonymous>)
    at CDPSessionImpl.send (/Users/wuxianlin/Documents/github_money/youbot/node_modules/puppeteer-core/lib/cjs/puppeteer/common/Connection.js:326:16)
    at ExecutionContext._ExecutionContext_evaluate (/Users/wuxianlin/Documents/github_money/youbot/node_modules/puppeteer-core/lib/cjs/puppeteer/common/ExecutionContext.js:237:46)
    at processTicksAndRejections (node:internal/process/task_queues:96:5)
    at async ExecutionContext.evaluate (/Users/wuxianlin/Documents/github_money/youbot/node_modules/puppeteer-core/lib/cjs/puppeteer/common/ExecutionContext.js:143:16)
    at async getResult (/Users/wuxianlin/Documents/github_money/youbot/broswer/index.js:30:15)
    at async featch (/Users/wuxianlin/Documents/github_money/youbot/broswer/index.js:67:15)
    at async HomeController.chat (/Users/wuxianlin/Documents/github_money/youbot/app/controller/home.js:14:18)
    at async /Users/wuxianlin/Documents/github_money/youbot/node_modules/egg-development/app/middleware/egg_loader_trace.js:9:50
name: "ProtocolError"
message: "Protocol error (Runtime.callFunctionOn): Target closed."
pid: 38217
hostname: wuxianlindeMBP.lan

2023-03-02 23:28:52,486 ERROR 38589 [-/127.0.0.1/-/13ms POST /chat] nodejs.SyntaxError: Unexpected token o in JSON at position 1
    at JSON.parse (<anonymous>)
    at HomeController.chat (/Users/wuxianlin/Documents/github_money/youbot/app/controller/home.js:13:36)
    at Object.callFn (/Users/wuxianlin/Documents/github_money/youbot/node_modules/egg-core/lib/utils/index.js:44:21)
    at Object.classControllerMiddleware (/Users/wuxianlin/Documents/github_money/youbot/node_modules/egg-core/lib/loader/mixin/controller.js:87:20)
    at Object.callFn (/Users/wuxianlin/Documents/github_money/youbot/node_modules/@eggjs/router/lib/utils.js:12:21)
    at wrappedController (/Users/wuxianlin/Documents/github_money/youbot/node_modules/@eggjs/router/lib/egg_router.js:322:18)
    at dispatch (/Users/wuxianlin/Documents/github_money/youbot/node_modules/koa-compose/index.js:44:32)
    at next (/Users/wuxianlin/Documents/github_money/youbot/node_modules/koa-compose/index.js:45:18)
    at /Users/wuxianlin/Documents/github_money/youbot/node_modules/@eggjs/router/lib/router.js:186:18
    at dispatch (/Users/wuxianlin/Documents/github_money/youbot/node_modules/koa-compose/index.js:44:32)

pid: 38589
hostname: wuxianlindeMBP.lan

2023-03-02 23:30:56,917 ERROR 38627 [-/127.0.0.1/-/33525ms POST /chat] nodejs.ProtocolError: Protocol error (Runtime.callFunctionOn): Target closed.
    at /Users/wuxianlin/Documents/github_money/youbot/node_modules/puppeteer-core/lib/cjs/puppeteer/common/Connection.js:330:24
    at new Promise (<anonymous>)
    at CDPSessionImpl.send (/Users/wuxianlin/Documents/github_money/youbot/node_modules/puppeteer-core/lib/cjs/puppeteer/common/Connection.js:326:16)
    at ExecutionContext._ExecutionContext_evaluate (/Users/wuxianlin/Documents/github_money/youbot/node_modules/puppeteer-core/lib/cjs/puppeteer/common/ExecutionContext.js:237:46)
    at processTicksAndRejections (node:internal/process/task_queues:96:5)
    at async ExecutionContext.evaluate (/Users/wuxianlin/Documents/github_money/youbot/node_modules/puppeteer-core/lib/cjs/puppeteer/common/ExecutionContext.js:143:16)
    at async getResult (/Users/wuxianlin/Documents/github_money/youbot/broswer/index.js:30:15)
    at async featch (/Users/wuxianlin/Documents/github_money/youbot/broswer/index.js:67:15)
    at async HomeController.chat (/Users/wuxianlin/Documents/github_money/youbot/app/controller/home.js:19:20)
    at async /Users/wuxianlin/Documents/github_money/youbot/node_modules/egg-development/app/middleware/egg_loader_trace.js:9:50
name: "ProtocolError"
message: "Protocol error (Runtime.callFunctionOn): Target closed."
pid: 38627
hostname: wuxianlindeMBP.lan

2023-03-02 23:31:16,339 ERROR 38664 [-/127.0.0.1/-/7496ms POST /chat] nodejs.ProtocolError: Protocol error (Runtime.callFunctionOn): Target closed.
    at /Users/wuxianlin/Documents/github_money/youbot/node_modules/puppeteer-core/lib/cjs/puppeteer/common/Connection.js:330:24
    at new Promise (<anonymous>)
    at CDPSessionImpl.send (/Users/wuxianlin/Documents/github_money/youbot/node_modules/puppeteer-core/lib/cjs/puppeteer/common/Connection.js:326:16)
    at ExecutionContext._ExecutionContext_evaluate (/Users/wuxianlin/Documents/github_money/youbot/node_modules/puppeteer-core/lib/cjs/puppeteer/common/ExecutionContext.js:237:46)
    at processTicksAndRejections (node:internal/process/task_queues:96:5)
    at async ExecutionContext.evaluate (/Users/wuxianlin/Documents/github_money/youbot/node_modules/puppeteer-core/lib/cjs/puppeteer/common/ExecutionContext.js:143:16)
    at async getResult (/Users/wuxianlin/Documents/github_money/youbot/broswer/index.js:30:15)
    at async featch (/Users/wuxianlin/Documents/github_money/youbot/broswer/index.js:67:15)
    at async HomeController.chat (/Users/wuxianlin/Documents/github_money/youbot/app/controller/home.js:19:20)
    at async /Users/wuxianlin/Documents/github_money/youbot/node_modules/egg-development/app/middleware/egg_loader_trace.js:9:50
name: "ProtocolError"
message: "Protocol error (Runtime.callFunctionOn): Target closed."
pid: 38664
hostname: wuxianlindeMBP.lan

2023-03-02 23:35:20,014 ERROR 38928 [-/127.0.0.1/-/39214ms POST /chat] nodejs.ProtocolError: Protocol error (Runtime.callFunctionOn): Target closed.
    at /Users/wuxianlin/Documents/github_money/youbot/node_modules/puppeteer-core/lib/cjs/puppeteer/common/Connection.js:330:24
    at new Promise (<anonymous>)
    at CDPSessionImpl.send (/Users/wuxianlin/Documents/github_money/youbot/node_modules/puppeteer-core/lib/cjs/puppeteer/common/Connection.js:326:16)
    at ExecutionContext._ExecutionContext_evaluate (/Users/wuxianlin/Documents/github_money/youbot/node_modules/puppeteer-core/lib/cjs/puppeteer/common/ExecutionContext.js:237:46)
    at processTicksAndRejections (node:internal/process/task_queues:96:5)
    at async ExecutionContext.evaluate (/Users/wuxianlin/Documents/github_money/youbot/node_modules/puppeteer-core/lib/cjs/puppeteer/common/ExecutionContext.js:143:16)
    at async getResult (/Users/wuxianlin/Documents/github_money/youbot/broswer/index.js:32:15)
    at async featch (/Users/wuxianlin/Documents/github_money/youbot/broswer/index.js:69:15)
    at async HomeController.chat (/Users/wuxianlin/Documents/github_money/youbot/app/controller/home.js:19:20)
    at async /Users/wuxianlin/Documents/github_money/youbot/node_modules/egg-development/app/middleware/egg_loader_trace.js:9:50
name: "ProtocolError"
message: "Protocol error (Runtime.callFunctionOn): Target closed."
pid: 38928
hostname: wuxianlindeMBP.lan

2023-03-03 09:21:57,817 ERROR 39299 [-/127.0.0.1/-/7ms POST /chat] nodejs.Error: Protocol error (Runtime.callFunctionOn): Session closed. Most likely the page has been closed.
    at CDPSessionImpl.send (/Users/wuxianlin/Documents/github_money/youbot/node_modules/puppeteer-core/lib/cjs/puppeteer/common/Connection.js:317:35)
    at ExecutionContext._ExecutionContext_evaluate (/Users/wuxianlin/Documents/github_money/youbot/node_modules/puppeteer-core/lib/cjs/puppeteer/common/ExecutionContext.js:237:46)
    at processTicksAndRejections (node:internal/process/task_queues:96:5)
    at async ExecutionContext.evaluate (/Users/wuxianlin/Documents/github_money/youbot/node_modules/puppeteer-core/lib/cjs/puppeteer/common/ExecutionContext.js:143:16)
    at async getResult (/Users/wuxianlin/Documents/github_money/youbot/broswer/index.js:32:15)
    at async featch (/Users/wuxianlin/Documents/github_money/youbot/broswer/index.js:69:15)
    at async HomeController.chat (/Users/wuxianlin/Documents/github_money/youbot/app/controller/home.js:14:20)
    at async /Users/wuxianlin/Documents/github_money/youbot/node_modules/egg-development/app/middleware/egg_loader_trace.js:9:50
    at async xframe (/Users/wuxianlin/Documents/github_money/youbot/node_modules/egg-security/lib/middlewares/xframe.js:7:5)
    at async xssProtection (/Users/wuxianlin/Documents/github_money/youbot/node_modules/egg-security/lib/middlewares/xssProtection.js:7:5)

pid: 39299
hostname: wuxianlindeMacBook-Pro.local

2023-03-03 09:28:46,604 ERROR 41128 [-/127.0.0.1/-/1353ms POST /chat] nodejs.Error: net::ERR_CONNECTION_CLOSED at https://you.com/search?q=undefined&fromSearchBar=true&tbm=youchat
    at navigate (/Users/wuxianlin/Documents/github_money/youbot/node_modules/puppeteer-core/lib/cjs/puppeteer/common/Frame.js:240:23)
    at processTicksAndRejections (node:internal/process/task_queues:96:5)
    at async Frame.goto (/Users/wuxianlin/Documents/github_money/youbot/node_modules/puppeteer-core/lib/cjs/puppeteer/common/Frame.js:206:21)
    at async CDPPage.goto (/Users/wuxianlin/Documents/github_money/youbot/node_modules/puppeteer-core/lib/cjs/puppeteer/common/Page.js:439:16)
    at async buildPage (/Users/wuxianlin/Documents/github_money/youbot/broswer/index.js:25:3)
    at async featch (/Users/wuxianlin/Documents/github_money/youbot/broswer/index.js:73:16)
    at async HomeController.chat (/Users/wuxianlin/Documents/github_money/youbot/app/controller/home.js:14:20)
    at async /Users/wuxianlin/Documents/github_money/youbot/node_modules/egg-development/app/middleware/egg_loader_trace.js:9:50
    at async xframe (/Users/wuxianlin/Documents/github_money/youbot/node_modules/egg-security/lib/middlewares/xframe.js:7:5)
    at async xssProtection (/Users/wuxianlin/Documents/github_money/youbot/node_modules/egg-security/lib/middlewares/xssProtection.js:7:5)

pid: 41128
hostname: wuxianlindeMacBook-Pro.local

2023-03-03 09:30:01,186 ERROR 41128 [-/127.0.0.1/-/10048ms POST /chat] nodejs.ProtocolError: Protocol error (Runtime.callFunctionOn): Target closed.
    at /Users/wuxianlin/Documents/github_money/youbot/node_modules/puppeteer-core/lib/cjs/puppeteer/common/Connection.js:330:24
    at new Promise (<anonymous>)
    at CDPSessionImpl.send (/Users/wuxianlin/Documents/github_money/youbot/node_modules/puppeteer-core/lib/cjs/puppeteer/common/Connection.js:326:16)
    at ExecutionContext._ExecutionContext_evaluate (/Users/wuxianlin/Documents/github_money/youbot/node_modules/puppeteer-core/lib/cjs/puppeteer/common/ExecutionContext.js:237:46)
    at processTicksAndRejections (node:internal/process/task_queues:96:5)
    at async ExecutionContext.evaluate (/Users/wuxianlin/Documents/github_money/youbot/node_modules/puppeteer-core/lib/cjs/puppeteer/common/ExecutionContext.js:143:16)
    at async getResult (/Users/wuxianlin/Documents/github_money/youbot/broswer/index.js:37:15)
    at async featch (/Users/wuxianlin/Documents/github_money/youbot/broswer/index.js:74:15)
    at async HomeController.chat (/Users/wuxianlin/Documents/github_money/youbot/app/controller/home.js:14:20)
    at async /Users/wuxianlin/Documents/github_money/youbot/node_modules/egg-development/app/middleware/egg_loader_trace.js:9:50
name: "ProtocolError"
message: "Protocol error (Runtime.callFunctionOn): Target closed."
pid: 41128
hostname: wuxianlindeMacBook-Pro.local

2023-03-03 09:30:04,800 ERROR 41128 [-/127.0.0.1/-/3ms POST /chat] nodejs.Error: Protocol error (Runtime.callFunctionOn): Session closed. Most likely the page has been closed.
    at CDPSessionImpl.send (/Users/wuxianlin/Documents/github_money/youbot/node_modules/puppeteer-core/lib/cjs/puppeteer/common/Connection.js:317:35)
    at ExecutionContext._ExecutionContext_evaluate (/Users/wuxianlin/Documents/github_money/youbot/node_modules/puppeteer-core/lib/cjs/puppeteer/common/ExecutionContext.js:237:46)
    at processTicksAndRejections (node:internal/process/task_queues:96:5)
    at async ExecutionContext.evaluate (/Users/wuxianlin/Documents/github_money/youbot/node_modules/puppeteer-core/lib/cjs/puppeteer/common/ExecutionContext.js:143:16)
    at async getResult (/Users/wuxianlin/Documents/github_money/youbot/broswer/index.js:37:15)
    at async featch (/Users/wuxianlin/Documents/github_money/youbot/broswer/index.js:74:15)
    at async HomeController.chat (/Users/wuxianlin/Documents/github_money/youbot/app/controller/home.js:14:20)
    at async /Users/wuxianlin/Documents/github_money/youbot/node_modules/egg-development/app/middleware/egg_loader_trace.js:9:50
    at async xframe (/Users/wuxianlin/Documents/github_money/youbot/node_modules/egg-security/lib/middlewares/xframe.js:7:5)
    at async xssProtection (/Users/wuxianlin/Documents/github_money/youbot/node_modules/egg-security/lib/middlewares/xssProtection.js:7:5)

pid: 41128
hostname: wuxianlindeMacBook-Pro.local

2023-03-03 09:31:52,133 ERROR 41463 [-/127.0.0.1/-/6ms POST /chat] nodejs.Error: Protocol error (Runtime.callFunctionOn): Session closed. Most likely the page has been closed.
    at CDPSessionImpl.send (/Users/wuxianlin/Documents/github_money/youbot/node_modules/puppeteer-core/lib/cjs/puppeteer/common/Connection.js:317:35)
    at ExecutionContext._ExecutionContext_evaluate (/Users/wuxianlin/Documents/github_money/youbot/node_modules/puppeteer-core/lib/cjs/puppeteer/common/ExecutionContext.js:237:46)
    at processTicksAndRejections (node:internal/process/task_queues:96:5)
    at async ExecutionContext.evaluate (/Users/wuxianlin/Documents/github_money/youbot/node_modules/puppeteer-core/lib/cjs/puppeteer/common/ExecutionContext.js:143:16)
    at async getResult (/Users/wuxianlin/Documents/github_money/youbot/broswer/index.js:37:15)
    at async featch (/Users/wuxianlin/Documents/github_money/youbot/broswer/index.js:74:15)
    at async HomeController.chat (/Users/wuxianlin/Documents/github_money/youbot/app/controller/home.js:14:20)
    at async /Users/wuxianlin/Documents/github_money/youbot/node_modules/egg-development/app/middleware/egg_loader_trace.js:9:50
    at async xframe (/Users/wuxianlin/Documents/github_money/youbot/node_modules/egg-security/lib/middlewares/xframe.js:7:5)
    at async xssProtection (/Users/wuxianlin/Documents/github_money/youbot/node_modules/egg-security/lib/middlewares/xssProtection.js:7:5)

pid: 41463
hostname: wuxianlindeMacBook-Pro.local

2023-03-03 09:34:46,591 ERROR 41736 [-/127.0.0.1/-/1149ms POST /chat] nodejs.ReferenceError: window is not defined
    at buildBrowser (/Users/wuxianlin/Documents/github_money/youbot/broswer/index.js:10:3)
    at processTicksAndRejections (node:internal/process/task_queues:96:5)
    at async featch (/Users/wuxianlin/Documents/github_money/youbot/broswer/index.js:72:19)
    at async HomeController.chat (/Users/wuxianlin/Documents/github_money/youbot/app/controller/home.js:14:20)
    at async /Users/wuxianlin/Documents/github_money/youbot/node_modules/egg-development/app/middleware/egg_loader_trace.js:9:50
    at async xframe (/Users/wuxianlin/Documents/github_money/youbot/node_modules/egg-security/lib/middlewares/xframe.js:7:5)
    at async xssProtection (/Users/wuxianlin/Documents/github_money/youbot/node_modules/egg-security/lib/middlewares/xssProtection.js:7:5)
    at async nosniff (/Users/wuxianlin/Documents/github_money/youbot/node_modules/egg-security/lib/middlewares/nosniff.js:8:5)
    at async noopen (/Users/wuxianlin/Documents/github_money/youbot/node_modules/egg-security/lib/middlewares/noopen.js:8:5)
    at async session (/Users/wuxianlin/Documents/github_money/youbot/node_modules/koa-session/index.js:41:7)

pid: 41736
hostname: wuxianlindeMacBook-Pro.local

2023-03-03 09:36:35,522 ERROR 41861 [-/127.0.0.1/-/6ms POST /chat] nodejs.Error: Protocol error (Runtime.callFunctionOn): Session closed. Most likely the page has been closed.
    at CDPSessionImpl.send (/Users/wuxianlin/Documents/github_money/youbot/node_modules/puppeteer-core/lib/cjs/puppeteer/common/Connection.js:317:35)
    at ExecutionContext._ExecutionContext_evaluate (/Users/wuxianlin/Documents/github_money/youbot/node_modules/puppeteer-core/lib/cjs/puppeteer/common/ExecutionContext.js:237:46)
    at processTicksAndRejections (node:internal/process/task_queues:96:5)
    at async ExecutionContext.evaluate (/Users/wuxianlin/Documents/github_money/youbot/node_modules/puppeteer-core/lib/cjs/puppeteer/common/ExecutionContext.js:143:16)
    at async getResult (/Users/wuxianlin/Documents/github_money/youbot/broswer/index.js:32:15)
    at async featch (/Users/wuxianlin/Documents/github_money/youbot/broswer/index.js:74:15)
    at async HomeController.chat (/Users/wuxianlin/Documents/github_money/youbot/app/controller/home.js:14:20)
    at async /Users/wuxianlin/Documents/github_money/youbot/node_modules/egg-development/app/middleware/egg_loader_trace.js:9:50
    at async xframe (/Users/wuxianlin/Documents/github_money/youbot/node_modules/egg-security/lib/middlewares/xframe.js:7:5)
    at async xssProtection (/Users/wuxianlin/Documents/github_money/youbot/node_modules/egg-security/lib/middlewares/xssProtection.js:7:5)

pid: 41861
hostname: wuxianlindeMacBook-Pro.local

2023-03-03 09:37:51,872 ERROR 42055 [-/127.0.0.1/-/7ms POST /chat] nodejs.Error: Protocol error (Runtime.callFunctionOn): Session closed. Most likely the page has been closed.
    at CDPSessionImpl.send (/Users/wuxianlin/Documents/github_money/youbot/node_modules/puppeteer-core/lib/cjs/puppeteer/common/Connection.js:317:35)
    at ExecutionContext._ExecutionContext_evaluate (/Users/wuxianlin/Documents/github_money/youbot/node_modules/puppeteer-core/lib/cjs/puppeteer/common/ExecutionContext.js:237:46)
    at processTicksAndRejections (node:internal/process/task_queues:96:5)
    at async ExecutionContext.evaluate (/Users/wuxianlin/Documents/github_money/youbot/node_modules/puppeteer-core/lib/cjs/puppeteer/common/ExecutionContext.js:143:16)
    at async getResult (/Users/wuxianlin/Documents/github_money/youbot/broswer/index.js:32:15)
    at async featch (/Users/wuxianlin/Documents/github_money/youbot/broswer/index.js:74:15)
    at async HomeController.chat (/Users/wuxianlin/Documents/github_money/youbot/app/controller/home.js:14:20)
    at async /Users/wuxianlin/Documents/github_money/youbot/node_modules/egg-development/app/middleware/egg_loader_trace.js:9:50
    at async xframe (/Users/wuxianlin/Documents/github_money/youbot/node_modules/egg-security/lib/middlewares/xframe.js:7:5)
    at async xssProtection (/Users/wuxianlin/Documents/github_money/youbot/node_modules/egg-security/lib/middlewares/xssProtection.js:7:5)

pid: 42055
hostname: wuxianlindeMacBook-Pro.local

2023-03-03 09:40:06,032 ERROR 42190 [-/127.0.0.1/-/2227ms POST /chat] nodejs.Error: Evaluation failed: ReferenceError: browser is not defined
    at pptr://__puppeteer_evaluation_script__:3:7
    at pptr://__puppeteer_evaluation_script__:3:7
    at ExecutionContext._ExecutionContext_evaluate (/Users/wuxianlin/Documents/github_money/youbot/node_modules/puppeteer-core/lib/cjs/puppeteer/common/ExecutionContext.js:255:15)
    at processTicksAndRejections (node:internal/process/task_queues:96:5)
    at async ExecutionContext.evaluate (/Users/wuxianlin/Documents/github_money/youbot/node_modules/puppeteer-core/lib/cjs/puppeteer/common/ExecutionContext.js:143:16)
    at async getResult (/Users/wuxianlin/Documents/github_money/youbot/broswer/index.js:32:15)
    at async featch (/Users/wuxianlin/Documents/github_money/youbot/broswer/index.js:75:15)
    at async HomeController.chat (/Users/wuxianlin/Documents/github_money/youbot/app/controller/home.js:14:20)
    at async /Users/wuxianlin/Documents/github_money/youbot/node_modules/egg-development/app/middleware/egg_loader_trace.js:9:50
    at async xframe (/Users/wuxianlin/Documents/github_money/youbot/node_modules/egg-security/lib/middlewares/xframe.js:7:5)
    at async xssProtection (/Users/wuxianlin/Documents/github_money/youbot/node_modules/egg-security/lib/middlewares/xssProtection.js:7:5)
    at async nosniff (/Users/wuxianlin/Documents/github_money/youbot/node_modules/egg-security/lib/middlewares/nosniff.js:8:5)

pid: 42190
hostname: wuxianlindeMacBook-Pro.local

2023-03-03 09:41:28,079 ERROR 42301 [-/127.0.0.1/-/6ms POST /chat] nodejs.Error: Protocol error (Runtime.callFunctionOn): Session closed. Most likely the page has been closed.
    at CDPSessionImpl.send (/Users/wuxianlin/Documents/github_money/youbot/node_modules/puppeteer-core/lib/cjs/puppeteer/common/Connection.js:317:35)
    at ExecutionContext._ExecutionContext_evaluate (/Users/wuxianlin/Documents/github_money/youbot/node_modules/puppeteer-core/lib/cjs/puppeteer/common/ExecutionContext.js:237:46)
    at processTicksAndRejections (node:internal/process/task_queues:96:5)
    at async ExecutionContext.evaluate (/Users/wuxianlin/Documents/github_money/youbot/node_modules/puppeteer-core/lib/cjs/puppeteer/common/ExecutionContext.js:143:16)
    at async getResult (/Users/wuxianlin/Documents/github_money/youbot/broswer/index.js:38:15)
    at async featch (/Users/wuxianlin/Documents/github_money/youbot/broswer/index.js:75:15)
    at async HomeController.chat (/Users/wuxianlin/Documents/github_money/youbot/app/controller/home.js:14:20)
    at async /Users/wuxianlin/Documents/github_money/youbot/node_modules/egg-development/app/middleware/egg_loader_trace.js:9:50
    at async xframe (/Users/wuxianlin/Documents/github_money/youbot/node_modules/egg-security/lib/middlewares/xframe.js:7:5)
    at async xssProtection (/Users/wuxianlin/Documents/github_money/youbot/node_modules/egg-security/lib/middlewares/xssProtection.js:7:5)

pid: 42301
hostname: wuxianlindeMacBook-Pro.local

2023-03-03 09:43:40,140 ERROR 42538 [-/127.0.0.1/-/1075ms POST /chat] nodejs.Error: Protocol error (Runtime.callFunctionOn): Session closed. Most likely the page has been closed.
    at CDPSessionImpl.send (/Users/wuxianlin/Documents/github_money/youbot/node_modules/puppeteer-core/lib/cjs/puppeteer/common/Connection.js:317:35)
    at ExecutionContext._ExecutionContext_evaluate (/Users/wuxianlin/Documents/github_money/youbot/node_modules/puppeteer-core/lib/cjs/puppeteer/common/ExecutionContext.js:237:46)
    at processTicksAndRejections (node:internal/process/task_queues:96:5)
    at async ExecutionContext.evaluate (/Users/wuxianlin/Documents/github_money/youbot/node_modules/puppeteer-core/lib/cjs/puppeteer/common/ExecutionContext.js:143:16)
    at async getResult (/Users/wuxianlin/Documents/github_money/youbot/broswer/index.js:39:15)
    at async featch (/Users/wuxianlin/Documents/github_money/youbot/broswer/index.js:76:15)
    at async HomeController.chat (/Users/wuxianlin/Documents/github_money/youbot/app/controller/home.js:14:20)
    at async /Users/wuxianlin/Documents/github_money/youbot/node_modules/egg-development/app/middleware/egg_loader_trace.js:9:50
    at async xframe (/Users/wuxianlin/Documents/github_money/youbot/node_modules/egg-security/lib/middlewares/xframe.js:7:5)
    at async xssProtection (/Users/wuxianlin/Documents/github_money/youbot/node_modules/egg-security/lib/middlewares/xssProtection.js:7:5)

pid: 42538
hostname: wuxianlindeMacBook-Pro.local

2023-03-03 09:44:56,336 ERROR 42682 [-/127.0.0.1/-/1098ms POST /chat] nodejs.Error: Protocol error (Runtime.callFunctionOn): Session closed. Most likely the page has been closed.
    at CDPSessionImpl.send (/Users/wuxianlin/Documents/github_money/youbot/node_modules/puppeteer-core/lib/cjs/puppeteer/common/Connection.js:317:35)
    at ExecutionContext._ExecutionContext_evaluate (/Users/wuxianlin/Documents/github_money/youbot/node_modules/puppeteer-core/lib/cjs/puppeteer/common/ExecutionContext.js:237:46)
    at processTicksAndRejections (node:internal/process/task_queues:96:5)
    at async ExecutionContext.evaluate (/Users/wuxianlin/Documents/github_money/youbot/node_modules/puppeteer-core/lib/cjs/puppeteer/common/ExecutionContext.js:143:16)
    at async getResult (/Users/wuxianlin/Documents/github_money/youbot/broswer/index.js:39:15)
    at async featch (/Users/wuxianlin/Documents/github_money/youbot/broswer/index.js:76:15)
    at async HomeController.chat (/Users/wuxianlin/Documents/github_money/youbot/app/controller/home.js:14:20)
    at async /Users/wuxianlin/Documents/github_money/youbot/node_modules/egg-development/app/middleware/egg_loader_trace.js:9:50
    at async xframe (/Users/wuxianlin/Documents/github_money/youbot/node_modules/egg-security/lib/middlewares/xframe.js:7:5)
    at async xssProtection (/Users/wuxianlin/Documents/github_money/youbot/node_modules/egg-security/lib/middlewares/xssProtection.js:7:5)

pid: 42682
hostname: wuxianlindeMacBook-Pro.local

2023-03-03 09:45:54,650 ERROR 42820 [-/127.0.0.1/-/1118ms POST /chat] nodejs.Error: Protocol error (Runtime.callFunctionOn): Session closed. Most likely the page has been closed.
    at CDPSessionImpl.send (/Users/wuxianlin/Documents/github_money/youbot/node_modules/puppeteer-core/lib/cjs/puppeteer/common/Connection.js:317:35)
    at ExecutionContext._ExecutionContext_evaluate (/Users/wuxianlin/Documents/github_money/youbot/node_modules/puppeteer-core/lib/cjs/puppeteer/common/ExecutionContext.js:237:46)
    at processTicksAndRejections (node:internal/process/task_queues:96:5)
    at async ExecutionContext.evaluate (/Users/wuxianlin/Documents/github_money/youbot/node_modules/puppeteer-core/lib/cjs/puppeteer/common/ExecutionContext.js:143:16)
    at async getResult (/Users/wuxianlin/Documents/github_money/youbot/broswer/index.js:39:15)
    at async featch (/Users/wuxianlin/Documents/github_money/youbot/broswer/index.js:76:15)
    at async HomeController.chat (/Users/wuxianlin/Documents/github_money/youbot/app/controller/home.js:14:20)
    at async /Users/wuxianlin/Documents/github_money/youbot/node_modules/egg-development/app/middleware/egg_loader_trace.js:9:50
    at async xframe (/Users/wuxianlin/Documents/github_money/youbot/node_modules/egg-security/lib/middlewares/xframe.js:7:5)
    at async xssProtection (/Users/wuxianlin/Documents/github_money/youbot/node_modules/egg-security/lib/middlewares/xssProtection.js:7:5)

pid: 42820
hostname: wuxianlindeMacBook-Pro.local

2023-03-03 11:09:49,232 ERROR 48849 [-/127.0.0.1/-/91236ms POST /chat] nodejs.ProtocolError: Protocol error (Runtime.callFunctionOn): Target closed.
    at /Users/wuxianlin/Documents/github_money/youbot/node_modules/puppeteer-core/lib/cjs/puppeteer/common/Connection.js:330:24
    at new Promise (<anonymous>)
    at CDPSessionImpl.send (/Users/wuxianlin/Documents/github_money/youbot/node_modules/puppeteer-core/lib/cjs/puppeteer/common/Connection.js:326:16)
    at ExecutionContext._ExecutionContext_evaluate (/Users/wuxianlin/Documents/github_money/youbot/node_modules/puppeteer-core/lib/cjs/puppeteer/common/ExecutionContext.js:237:46)
    at processTicksAndRejections (node:internal/process/task_queues:96:5)
    at async ExecutionContext.evaluate (/Users/wuxianlin/Documents/github_money/youbot/node_modules/puppeteer-core/lib/cjs/puppeteer/common/ExecutionContext.js:143:16)
    at async getResult (/Users/wuxianlin/Documents/github_money/youbot/broswer/index.js:41:15)
    at async featch (/Users/wuxianlin/Documents/github_money/youbot/broswer/index.js:78:15)
    at async HomeController.chat (/Users/wuxianlin/Documents/github_money/youbot/app/controller/home.js:14:20)
    at async /Users/wuxianlin/Documents/github_money/youbot/node_modules/egg-development/app/middleware/egg_loader_trace.js:9:50
name: "ProtocolError"
message: "Protocol error (Runtime.callFunctionOn): Target closed."
pid: 48849
hostname: wuxianlindeMacBook-Pro.local

2023-03-03 11:15:07,998 ERROR 48849 [-/127.0.0.1/-/311901ms POST /chat] nodejs.ProtocolError: Protocol error (Runtime.callFunctionOn): Target closed.
    at /Users/wuxianlin/Documents/github_money/youbot/node_modules/puppeteer-core/lib/cjs/puppeteer/common/Connection.js:330:24
    at new Promise (<anonymous>)
    at CDPSessionImpl.send (/Users/wuxianlin/Documents/github_money/youbot/node_modules/puppeteer-core/lib/cjs/puppeteer/common/Connection.js:326:16)
    at ExecutionContext._ExecutionContext_evaluate (/Users/wuxianlin/Documents/github_money/youbot/node_modules/puppeteer-core/lib/cjs/puppeteer/common/ExecutionContext.js:237:46)
    at processTicksAndRejections (node:internal/process/task_queues:96:5)
    at async ExecutionContext.evaluate (/Users/wuxianlin/Documents/github_money/youbot/node_modules/puppeteer-core/lib/cjs/puppeteer/common/ExecutionContext.js:143:16)
    at async getResult (/Users/wuxianlin/Documents/github_money/youbot/broswer/index.js:41:15)
    at async featch (/Users/wuxianlin/Documents/github_money/youbot/broswer/index.js:78:15)
    at async HomeController.chat (/Users/wuxianlin/Documents/github_money/youbot/app/controller/home.js:14:20)
    at async /Users/wuxianlin/Documents/github_money/youbot/node_modules/egg-development/app/middleware/egg_loader_trace.js:9:50
name: "ProtocolError"
message: "Protocol error (Runtime.callFunctionOn): Target closed."
pid: 48849
hostname: wuxianlindeMacBook-Pro.local

2023-03-03 11:15:08,008 ERROR 48849 [-/127.0.0.1/-/141981ms POST /chat] nodejs.ProtocolError: Protocol error (Runtime.callFunctionOn): Target closed.
    at /Users/wuxianlin/Documents/github_money/youbot/node_modules/puppeteer-core/lib/cjs/puppeteer/common/Connection.js:330:24
    at new Promise (<anonymous>)
    at CDPSessionImpl.send (/Users/wuxianlin/Documents/github_money/youbot/node_modules/puppeteer-core/lib/cjs/puppeteer/common/Connection.js:326:16)
    at ExecutionContext._ExecutionContext_evaluate (/Users/wuxianlin/Documents/github_money/youbot/node_modules/puppeteer-core/lib/cjs/puppeteer/common/ExecutionContext.js:237:46)
    at processTicksAndRejections (node:internal/process/task_queues:96:5)
    at async ExecutionContext.evaluate (/Users/wuxianlin/Documents/github_money/youbot/node_modules/puppeteer-core/lib/cjs/puppeteer/common/ExecutionContext.js:143:16)
    at async getResult (/Users/wuxianlin/Documents/github_money/youbot/broswer/index.js:41:15)
    at async featch (/Users/wuxianlin/Documents/github_money/youbot/broswer/index.js:78:15)
    at async HomeController.chat (/Users/wuxianlin/Documents/github_money/youbot/app/controller/home.js:14:20)
    at async /Users/wuxianlin/Documents/github_money/youbot/node_modules/egg-development/app/middleware/egg_loader_trace.js:9:50
name: "ProtocolError"
message: "Protocol error (Runtime.callFunctionOn): Target closed."
pid: 48849
hostname: wuxianlindeMacBook-Pro.local

2023-03-03 11:15:08,017 ERROR 48849 [-/127.0.0.1/-/33854ms POST /chat] nodejs.ProtocolError: Protocol error (Runtime.callFunctionOn): Target closed.
    at /Users/wuxianlin/Documents/github_money/youbot/node_modules/puppeteer-core/lib/cjs/puppeteer/common/Connection.js:330:24
    at new Promise (<anonymous>)
    at CDPSessionImpl.send (/Users/wuxianlin/Documents/github_money/youbot/node_modules/puppeteer-core/lib/cjs/puppeteer/common/Connection.js:326:16)
    at ExecutionContext._ExecutionContext_evaluate (/Users/wuxianlin/Documents/github_money/youbot/node_modules/puppeteer-core/lib/cjs/puppeteer/common/ExecutionContext.js:237:46)
    at processTicksAndRejections (node:internal/process/task_queues:96:5)
    at async ExecutionContext.evaluate (/Users/wuxianlin/Documents/github_money/youbot/node_modules/puppeteer-core/lib/cjs/puppeteer/common/ExecutionContext.js:143:16)
    at async getResult (/Users/wuxianlin/Documents/github_money/youbot/broswer/index.js:41:15)
    at async featch (/Users/wuxianlin/Documents/github_money/youbot/broswer/index.js:78:15)
    at async HomeController.chat (/Users/wuxianlin/Documents/github_money/youbot/app/controller/home.js:14:20)
    at async /Users/wuxianlin/Documents/github_money/youbot/node_modules/egg-development/app/middleware/egg_loader_trace.js:9:50
name: "ProtocolError"
message: "Protocol error (Runtime.callFunctionOn): Target closed."
pid: 48849
hostname: wuxianlindeMacBook-Pro.local

2023-03-03 11:15:50,154 ERROR 48849 [-/127.0.0.1/-/31764ms POST /chat] nodejs.ProtocolError: Protocol error (Runtime.callFunctionOn): Target closed.
    at /Users/wuxianlin/Documents/github_money/youbot/node_modules/puppeteer-core/lib/cjs/puppeteer/common/Connection.js:330:24
    at new Promise (<anonymous>)
    at CDPSessionImpl.send (/Users/wuxianlin/Documents/github_money/youbot/node_modules/puppeteer-core/lib/cjs/puppeteer/common/Connection.js:326:16)
    at ExecutionContext._ExecutionContext_evaluate (/Users/wuxianlin/Documents/github_money/youbot/node_modules/puppeteer-core/lib/cjs/puppeteer/common/ExecutionContext.js:237:46)
    at processTicksAndRejections (node:internal/process/task_queues:96:5)
    at async ExecutionContext.evaluate (/Users/wuxianlin/Documents/github_money/youbot/node_modules/puppeteer-core/lib/cjs/puppeteer/common/ExecutionContext.js:143:16)
    at async getResult (/Users/wuxianlin/Documents/github_money/youbot/broswer/index.js:41:15)
    at async featch (/Users/wuxianlin/Documents/github_money/youbot/broswer/index.js:78:15)
    at async HomeController.chat (/Users/wuxianlin/Documents/github_money/youbot/app/controller/home.js:14:20)
    at async /Users/wuxianlin/Documents/github_money/youbot/node_modules/egg-development/app/middleware/egg_loader_trace.js:9:50
name: "ProtocolError"
message: "Protocol error (Runtime.callFunctionOn): Target closed."
pid: 48849
hostname: wuxianlindeMacBook-Pro.local

2023-03-03 11:20:52,768 ERROR 49433 [-/127.0.0.1/-/120742ms POST /chat] nodejs.ProtocolError: Protocol error (Runtime.callFunctionOn): Target closed.
    at /Users/wuxianlin/Documents/github_money/youbot/node_modules/puppeteer-core/lib/cjs/puppeteer/common/Connection.js:330:24
    at new Promise (<anonymous>)
    at CDPSessionImpl.send (/Users/wuxianlin/Documents/github_money/youbot/node_modules/puppeteer-core/lib/cjs/puppeteer/common/Connection.js:326:16)
    at ExecutionContext._ExecutionContext_evaluate (/Users/wuxianlin/Documents/github_money/youbot/node_modules/puppeteer-core/lib/cjs/puppeteer/common/ExecutionContext.js:237:46)
    at processTicksAndRejections (node:internal/process/task_queues:96:5)
    at async ExecutionContext.evaluate (/Users/wuxianlin/Documents/github_money/youbot/node_modules/puppeteer-core/lib/cjs/puppeteer/common/ExecutionContext.js:143:16)
    at async getResult (/Users/wuxianlin/Documents/github_money/youbot/broswer/index.js:41:15)
    at async featch (/Users/wuxianlin/Documents/github_money/youbot/broswer/index.js:78:15)
    at async HomeController.chat (/Users/wuxianlin/Documents/github_money/youbot/app/controller/home.js:14:20)
    at async /Users/wuxianlin/Documents/github_money/youbot/node_modules/egg-development/app/middleware/egg_loader_trace.js:9:50
name: "ProtocolError"
message: "Protocol error (Runtime.callFunctionOn): Target closed."
pid: 49433
hostname: wuxianlindeMacBook-Pro.local

2023-03-03 11:20:52,815 ERROR 49433 [-/127.0.0.1/-/51984ms POST /chat] nodejs.ProtocolError: Protocol error (Runtime.callFunctionOn): Target closed.
    at /Users/wuxianlin/Documents/github_money/youbot/node_modules/puppeteer-core/lib/cjs/puppeteer/common/Connection.js:330:24
    at new Promise (<anonymous>)
    at CDPSessionImpl.send (/Users/wuxianlin/Documents/github_money/youbot/node_modules/puppeteer-core/lib/cjs/puppeteer/common/Connection.js:326:16)
    at ExecutionContext._ExecutionContext_evaluate (/Users/wuxianlin/Documents/github_money/youbot/node_modules/puppeteer-core/lib/cjs/puppeteer/common/ExecutionContext.js:237:46)
    at processTicksAndRejections (node:internal/process/task_queues:96:5)
    at async ExecutionContext.evaluate (/Users/wuxianlin/Documents/github_money/youbot/node_modules/puppeteer-core/lib/cjs/puppeteer/common/ExecutionContext.js:143:16)
    at async getResult (/Users/wuxianlin/Documents/github_money/youbot/broswer/index.js:41:15)
    at async featch (/Users/wuxianlin/Documents/github_money/youbot/broswer/index.js:78:15)
    at async HomeController.chat (/Users/wuxianlin/Documents/github_money/youbot/app/controller/home.js:14:20)
    at async /Users/wuxianlin/Documents/github_money/youbot/node_modules/egg-development/app/middleware/egg_loader_trace.js:9:50
name: "ProtocolError"
message: "Protocol error (Runtime.callFunctionOn): Target closed."
pid: 49433
hostname: wuxianlindeMacBook-Pro.local

2023-03-03 11:21:54,956 ERROR 49762 [-/127.0.0.1/-/41671ms POST /chat] nodejs.ProtocolError: Protocol error (Runtime.callFunctionOn): Target closed.
    at /Users/wuxianlin/Documents/github_money/youbot/node_modules/puppeteer-core/lib/cjs/puppeteer/common/Connection.js:330:24
    at new Promise (<anonymous>)
    at CDPSessionImpl.send (/Users/wuxianlin/Documents/github_money/youbot/node_modules/puppeteer-core/lib/cjs/puppeteer/common/Connection.js:326:16)
    at ExecutionContext._ExecutionContext_evaluate (/Users/wuxianlin/Documents/github_money/youbot/node_modules/puppeteer-core/lib/cjs/puppeteer/common/ExecutionContext.js:237:46)
    at processTicksAndRejections (node:internal/process/task_queues:96:5)
    at async ExecutionContext.evaluate (/Users/wuxianlin/Documents/github_money/youbot/node_modules/puppeteer-core/lib/cjs/puppeteer/common/ExecutionContext.js:143:16)
    at async getResult (/Users/wuxianlin/Documents/github_money/youbot/broswer/index.js:41:15)
    at async featch (/Users/wuxianlin/Documents/github_money/youbot/broswer/index.js:78:15)
    at async HomeController.chat (/Users/wuxianlin/Documents/github_money/youbot/app/controller/home.js:14:20)
    at async /Users/wuxianlin/Documents/github_money/youbot/node_modules/egg-development/app/middleware/egg_loader_trace.js:9:50
name: "ProtocolError"
message: "Protocol error (Runtime.callFunctionOn): Target closed."
pid: 49762
hostname: wuxianlindeMacBook-Pro.local

2023-03-03 11:21:55,005 ERROR 49762 [-/127.0.0.1/-/41721ms POST /chat] nodejs.TypeError: Cannot read properties of null (reading 'target')
    at /Users/wuxianlin/Documents/github_money/youbot/broswer/index.js:11:25
    at /Users/wuxianlin/Documents/github_money/youbot/node_modules/puppeteer-core/lib/cjs/third_party/mitt/index.js:3:248
    at Array.map (<anonymous>)
    at Object.emit (/Users/wuxianlin/Documents/github_money/youbot/node_modules/puppeteer-core/lib/cjs/third_party/mitt/index.js:3:232)
    at CDPBrowser.emit (/Users/wuxianlin/Documents/github_money/youbot/node_modules/puppeteer-core/lib/cjs/puppeteer/common/EventEmitter.js:87:22)
    at /Users/wuxianlin/Documents/github_money/youbot/node_modules/puppeteer-core/lib/cjs/puppeteer/common/Browser.js:103:22
    at processTicksAndRejections (node:internal/process/task_queues:96:5)

pid: 49762
hostname: wuxianlindeMacBook-Pro.local

2023-03-03 16:06:45,288 ERROR 55248 [-/127.0.0.1/-/58041ms POST /chat] nodejs.ProtocolError: Protocol error (Runtime.callFunctionOn): Target closed.
    at /Users/wuxianlin/Documents/github_money/youbot/node_modules/puppeteer-core/lib/cjs/puppeteer/common/Connection.js:330:24
    at new Promise (<anonymous>)
    at CDPSessionImpl.send (/Users/wuxianlin/Documents/github_money/youbot/node_modules/puppeteer-core/lib/cjs/puppeteer/common/Connection.js:326:16)
    at ExecutionContext._ExecutionContext_evaluate (/Users/wuxianlin/Documents/github_money/youbot/node_modules/puppeteer-core/lib/cjs/puppeteer/common/ExecutionContext.js:237:46)
    at processTicksAndRejections (node:internal/process/task_queues:96:5)
    at async ExecutionContext.evaluate (/Users/wuxianlin/Documents/github_money/youbot/node_modules/puppeteer-core/lib/cjs/puppeteer/common/ExecutionContext.js:143:16)
    at async getResult (/Users/wuxianlin/Documents/github_money/youbot/broswer/index.js:41:15)
    at async featch (/Users/wuxianlin/Documents/github_money/youbot/broswer/index.js:78:15)
    at async HomeController.chat (/Users/wuxianlin/Documents/github_money/youbot/app/controller/home.js:14:20)
    at async /Users/wuxianlin/Documents/github_money/youbot/node_modules/egg-development/app/middleware/egg_loader_trace.js:9:50
name: "ProtocolError"
message: "Protocol error (Runtime.callFunctionOn): Target closed."
pid: 55248
hostname: wuxianlindeMacBook-Pro.local

2023-03-03 16:07:39,122 ERROR 55248 [-/127.0.0.1/-/48273ms POST /chat] nodejs.ProtocolError: Protocol error (Runtime.callFunctionOn): Target closed.
    at /Users/wuxianlin/Documents/github_money/youbot/node_modules/puppeteer-core/lib/cjs/puppeteer/common/Connection.js:330:24
    at new Promise (<anonymous>)
    at CDPSessionImpl.send (/Users/wuxianlin/Documents/github_money/youbot/node_modules/puppeteer-core/lib/cjs/puppeteer/common/Connection.js:326:16)
    at ExecutionContext._ExecutionContext_evaluate (/Users/wuxianlin/Documents/github_money/youbot/node_modules/puppeteer-core/lib/cjs/puppeteer/common/ExecutionContext.js:237:46)
    at processTicksAndRejections (node:internal/process/task_queues:96:5)
    at async ExecutionContext.evaluate (/Users/wuxianlin/Documents/github_money/youbot/node_modules/puppeteer-core/lib/cjs/puppeteer/common/ExecutionContext.js:143:16)
    at async getResult (/Users/wuxianlin/Documents/github_money/youbot/broswer/index.js:41:15)
    at async featch (/Users/wuxianlin/Documents/github_money/youbot/broswer/index.js:78:15)
    at async HomeController.chat (/Users/wuxianlin/Documents/github_money/youbot/app/controller/home.js:14:20)
    at async /Users/wuxianlin/Documents/github_money/youbot/node_modules/egg-development/app/middleware/egg_loader_trace.js:9:50
name: "ProtocolError"
message: "Protocol error (Runtime.callFunctionOn): Target closed."
pid: 55248
hostname: wuxianlindeMacBook-Pro.local

2023-03-03 16:08:28,293 ERROR 55248 [-/127.0.0.1/-/44611ms POST /chat] nodejs.ProtocolError: Protocol error (Runtime.callFunctionOn): Target closed.
    at /Users/wuxianlin/Documents/github_money/youbot/node_modules/puppeteer-core/lib/cjs/puppeteer/common/Connection.js:330:24
    at new Promise (<anonymous>)
    at CDPSessionImpl.send (/Users/wuxianlin/Documents/github_money/youbot/node_modules/puppeteer-core/lib/cjs/puppeteer/common/Connection.js:326:16)
    at ExecutionContext._ExecutionContext_evaluate (/Users/wuxianlin/Documents/github_money/youbot/node_modules/puppeteer-core/lib/cjs/puppeteer/common/ExecutionContext.js:237:46)
    at processTicksAndRejections (node:internal/process/task_queues:96:5)
    at async ExecutionContext.evaluate (/Users/wuxianlin/Documents/github_money/youbot/node_modules/puppeteer-core/lib/cjs/puppeteer/common/ExecutionContext.js:143:16)
    at async getResult (/Users/wuxianlin/Documents/github_money/youbot/broswer/index.js:41:15)
    at async featch (/Users/wuxianlin/Documents/github_money/youbot/broswer/index.js:78:15)
    at async HomeController.chat (/Users/wuxianlin/Documents/github_money/youbot/app/controller/home.js:14:20)
    at async /Users/wuxianlin/Documents/github_money/youbot/node_modules/egg-development/app/middleware/egg_loader_trace.js:9:50
name: "ProtocolError"
message: "Protocol error (Runtime.callFunctionOn): Target closed."
pid: 55248
hostname: wuxianlindeMacBook-Pro.local

2023-03-03 16:08:28,295 ERROR 55248 [-/127.0.0.1/-/18322ms POST /chat] nodejs.ProtocolError: Protocol error (Runtime.callFunctionOn): Target closed.
    at /Users/wuxianlin/Documents/github_money/youbot/node_modules/puppeteer-core/lib/cjs/puppeteer/common/Connection.js:330:24
    at new Promise (<anonymous>)
    at CDPSessionImpl.send (/Users/wuxianlin/Documents/github_money/youbot/node_modules/puppeteer-core/lib/cjs/puppeteer/common/Connection.js:326:16)
    at ExecutionContext._ExecutionContext_evaluate (/Users/wuxianlin/Documents/github_money/youbot/node_modules/puppeteer-core/lib/cjs/puppeteer/common/ExecutionContext.js:237:46)
    at processTicksAndRejections (node:internal/process/task_queues:96:5)
    at async ExecutionContext.evaluate (/Users/wuxianlin/Documents/github_money/youbot/node_modules/puppeteer-core/lib/cjs/puppeteer/common/ExecutionContext.js:143:16)
    at async getResult (/Users/wuxianlin/Documents/github_money/youbot/broswer/index.js:41:15)
    at async featch (/Users/wuxianlin/Documents/github_money/youbot/broswer/index.js:78:15)
    at async HomeController.chat (/Users/wuxianlin/Documents/github_money/youbot/app/controller/home.js:14:20)
    at async /Users/wuxianlin/Documents/github_money/youbot/node_modules/egg-development/app/middleware/egg_loader_trace.js:9:50
name: "ProtocolError"
message: "Protocol error (Runtime.callFunctionOn): Target closed."
pid: 55248
hostname: wuxianlindeMacBook-Pro.local

2023-03-03 16:11:44,787 ERROR 55248 [-/127.0.0.1/-/83818ms POST /chat] nodejs.ProtocolError: Protocol error (Runtime.callFunctionOn): Target closed.
    at /Users/wuxianlin/Documents/github_money/youbot/node_modules/puppeteer-core/lib/cjs/puppeteer/common/Connection.js:330:24
    at new Promise (<anonymous>)
    at CDPSessionImpl.send (/Users/wuxianlin/Documents/github_money/youbot/node_modules/puppeteer-core/lib/cjs/puppeteer/common/Connection.js:326:16)
    at ExecutionContext._ExecutionContext_evaluate (/Users/wuxianlin/Documents/github_money/youbot/node_modules/puppeteer-core/lib/cjs/puppeteer/common/ExecutionContext.js:237:46)
    at runMicrotasks (<anonymous>)
    at processTicksAndRejections (node:internal/process/task_queues:96:5)
    at async ExecutionContext.evaluate (/Users/wuxianlin/Documents/github_money/youbot/node_modules/puppeteer-core/lib/cjs/puppeteer/common/ExecutionContext.js:143:16)
    at async getResult (/Users/wuxianlin/Documents/github_money/youbot/broswer/index.js:41:15)
    at async featch (/Users/wuxianlin/Documents/github_money/youbot/broswer/index.js:78:15)
    at async HomeController.chat (/Users/wuxianlin/Documents/github_money/youbot/app/controller/home.js:14:20)
name: "ProtocolError"
message: "Protocol error (Runtime.callFunctionOn): Target closed."
pid: 55248
hostname: wuxianlindeMacBook-Pro.local

2023-03-03 18:10:31,839 ERROR 56667 nodejs.ClusterClientNoResponseError: client no response in 95384ms exceeding maxIdleTime 60000ms, maybe the connection is close on other side.
    at Timeout._onTimeout (/Users/wuxianlin/Documents/github_money/youbot/node_modules/cluster-client/lib/leader.js:79:25)
    at listOnTimeout (node:internal/timers:559:17)
    at processTimers (node:internal/timers:502:7)
name: "ClusterClientNoResponseError"
pid: 56667
hostname: wuxianlindeMacBook-Pro.local

2023-03-03 18:25:34,356 ERROR 56667 nodejs.ClusterClientNoResponseError: client no response in 882498ms exceeding maxIdleTime 60000ms, maybe the connection is close on other side.
    at Timeout._onTimeout (/Users/wuxianlin/Documents/github_money/youbot/node_modules/cluster-client/lib/leader.js:79:25)
    at listOnTimeout (node:internal/timers:559:17)
    at processTimers (node:internal/timers:502:7)
name: "ClusterClientNoResponseError"
pid: 56667
hostname: wuxianlindeMacBook-Pro.local

2023-03-03 18:40:36,356 ERROR 56667 nodejs.ClusterClientNoResponseError: client no response in 901992ms exceeding maxIdleTime 60000ms, maybe the connection is close on other side.
    at Timeout._onTimeout (/Users/wuxianlin/Documents/github_money/youbot/node_modules/cluster-client/lib/leader.js:79:25)
    at listOnTimeout (node:internal/timers:559:17)
    at processTimers (node:internal/timers:502:7)
name: "ClusterClientNoResponseError"
pid: 56667
hostname: wuxianlindeMacBook-Pro.local

2023-03-03 18:55:38,351 ERROR 56667 nodejs.ClusterClientNoResponseError: client no response in 901985ms exceeding maxIdleTime 60000ms, maybe the connection is close on other side.
    at Timeout._onTimeout (/Users/wuxianlin/Documents/github_money/youbot/node_modules/cluster-client/lib/leader.js:79:25)
    at listOnTimeout (node:internal/timers:559:17)
    at processTimers (node:internal/timers:502:7)
name: "ClusterClientNoResponseError"
pid: 56667
hostname: wuxianlindeMacBook-Pro.local

2023-03-03 19:04:06,201 ERROR 56667 nodejs.ClusterClientNoResponseError: client no response in 507839ms exceeding maxIdleTime 60000ms, maybe the connection is close on other side.
    at Timeout._onTimeout (/Users/wuxianlin/Documents/github_money/youbot/node_modules/cluster-client/lib/leader.js:79:25)
    at listOnTimeout (node:internal/timers:559:17)
    at processTimers (node:internal/timers:502:7)
name: "ClusterClientNoResponseError"
pid: 56667
hostname: wuxianlindeMacBook-Pro.local

2023-03-03 20:09:12,622 ERROR 56667 nodejs.ClusterClientNoResponseError: client no response in 3906413ms exceeding maxIdleTime 60000ms, maybe the connection is close on other side.
    at Timeout._onTimeout (/Users/wuxianlin/Documents/github_money/youbot/node_modules/cluster-client/lib/leader.js:79:25)
    at listOnTimeout (node:internal/timers:559:17)
    at processTimers (node:internal/timers:502:7)
name: "ClusterClientNoResponseError"
pid: 56667
hostname: wuxianlindeMacBook-Pro.local

2023-03-03 20:22:30,227 ERROR 56667 nodejs.ClusterClientNoResponseError: client no response in 797527ms exceeding maxIdleTime 60000ms, maybe the connection is close on other side.
    at Timeout._onTimeout (/Users/wuxianlin/Documents/github_money/youbot/node_modules/cluster-client/lib/leader.js:79:25)
    at listOnTimeout (node:internal/timers:559:17)
    at processTimers (node:internal/timers:502:7)
name: "ClusterClientNoResponseError"
pid: 56667
hostname: wuxianlindeMacBook-Pro.local

2023-03-08 17:48:45,783 ERROR 23833 [-/127.0.0.1/-/5ms POST /chat?text=%E4%BD%A0%E5%A5%BD&id=] nodejs.TypeError: Assignment to constant variable.
    at HomeController.chat (/Users/wuxianlin/Documents/github_money/youbot/app/controller/home.js:14:47)
    at Object.callFn (/Users/wuxianlin/Documents/github_money/youbot/node_modules/egg-core/lib/utils/index.js:44:21)
    at Object.classControllerMiddleware (/Users/wuxianlin/Documents/github_money/youbot/node_modules/egg-core/lib/loader/mixin/controller.js:87:20)
    at Object.callFn (/Users/wuxianlin/Documents/github_money/youbot/node_modules/@eggjs/router/lib/utils.js:12:21)
    at wrappedController (/Users/wuxianlin/Documents/github_money/youbot/node_modules/@eggjs/router/lib/egg_router.js:322:18)
    at dispatch (/Users/wuxianlin/Documents/github_money/youbot/node_modules/koa-compose/index.js:44:32)
    at next (/Users/wuxianlin/Documents/github_money/youbot/node_modules/koa-compose/index.js:45:18)
    at /Users/wuxianlin/Documents/github_money/youbot/node_modules/@eggjs/router/lib/router.js:186:18
    at dispatch (/Users/wuxianlin/Documents/github_money/youbot/node_modules/koa-compose/index.js:44:32)
    at /Users/wuxianlin/Documents/github_money/youbot/node_modules/koa-compose/index.js:36:12

pid: 23833
hostname: wuxianlindeMacBook-Pro.local

2023-03-08 17:50:43,638 ERROR 23833 [-/127.0.0.1/-/17ms POST /chat] nodejs.TypeError: Assignment to constant variable.
    at HomeController.chat (/Users/wuxianlin/Documents/github_money/youbot/app/controller/home.js:14:47)
    at Object.callFn (/Users/wuxianlin/Documents/github_money/youbot/node_modules/egg-core/lib/utils/index.js:44:21)
    at Object.classControllerMiddleware (/Users/wuxianlin/Documents/github_money/youbot/node_modules/egg-core/lib/loader/mixin/controller.js:87:20)
    at Object.callFn (/Users/wuxianlin/Documents/github_money/youbot/node_modules/@eggjs/router/lib/utils.js:12:21)
    at wrappedController (/Users/wuxianlin/Documents/github_money/youbot/node_modules/@eggjs/router/lib/egg_router.js:322:18)
    at dispatch (/Users/wuxianlin/Documents/github_money/youbot/node_modules/koa-compose/index.js:44:32)
    at next (/Users/wuxianlin/Documents/github_money/youbot/node_modules/koa-compose/index.js:45:18)
    at /Users/wuxianlin/Documents/github_money/youbot/node_modules/@eggjs/router/lib/router.js:186:18
    at dispatch (/Users/wuxianlin/Documents/github_money/youbot/node_modules/koa-compose/index.js:44:32)
    at /Users/wuxianlin/Documents/github_money/youbot/node_modules/koa-compose/index.js:36:12

pid: 23833
hostname: wuxianlindeMacBook-Pro.local

2023-03-08 17:50:56,686 ERROR 23939 [-/127.0.0.1/-/21ms POST /chat] nodejs.TypeError: Assignment to constant variable.
    at HomeController.chat (/Users/wuxianlin/Documents/github_money/youbot/app/controller/home.js:14:47)
    at Object.callFn (/Users/wuxianlin/Documents/github_money/youbot/node_modules/egg-core/lib/utils/index.js:44:21)
    at Object.classControllerMiddleware (/Users/wuxianlin/Documents/github_money/youbot/node_modules/egg-core/lib/loader/mixin/controller.js:87:20)
    at Object.callFn (/Users/wuxianlin/Documents/github_money/youbot/node_modules/@eggjs/router/lib/utils.js:12:21)
    at wrappedController (/Users/wuxianlin/Documents/github_money/youbot/node_modules/@eggjs/router/lib/egg_router.js:322:18)
    at dispatch (/Users/wuxianlin/Documents/github_money/youbot/node_modules/koa-compose/index.js:44:32)
    at next (/Users/wuxianlin/Documents/github_money/youbot/node_modules/koa-compose/index.js:45:18)
    at /Users/wuxianlin/Documents/github_money/youbot/node_modules/@eggjs/router/lib/router.js:186:18
    at dispatch (/Users/wuxianlin/Documents/github_money/youbot/node_modules/koa-compose/index.js:44:32)
    at /Users/wuxianlin/Documents/github_money/youbot/node_modules/koa-compose/index.js:36:12

pid: 23939
hostname: wuxianlindeMacBook-Pro.local

2023-03-08 17:52:50,825 ERROR 24037 [-/127.0.0.1/-/19ms POST /chat] nodejs.TypeError: Assignment to constant variable.
    at HomeController.chat (/Users/wuxianlin/Documents/github_money/youbot/app/controller/home.js:17:47)
    at Object.callFn (/Users/wuxianlin/Documents/github_money/youbot/node_modules/egg-core/lib/utils/index.js:44:21)
    at Object.classControllerMiddleware (/Users/wuxianlin/Documents/github_money/youbot/node_modules/egg-core/lib/loader/mixin/controller.js:87:20)
    at Object.callFn (/Users/wuxianlin/Documents/github_money/youbot/node_modules/@eggjs/router/lib/utils.js:12:21)
    at wrappedController (/Users/wuxianlin/Documents/github_money/youbot/node_modules/@eggjs/router/lib/egg_router.js:322:18)
    at dispatch (/Users/wuxianlin/Documents/github_money/youbot/node_modules/koa-compose/index.js:44:32)
    at next (/Users/wuxianlin/Documents/github_money/youbot/node_modules/koa-compose/index.js:45:18)
    at /Users/wuxianlin/Documents/github_money/youbot/node_modules/@eggjs/router/lib/router.js:186:18
    at dispatch (/Users/wuxianlin/Documents/github_money/youbot/node_modules/koa-compose/index.js:44:32)
    at /Users/wuxianlin/Documents/github_money/youbot/node_modules/koa-compose/index.js:36:12

pid: 24037
hostname: wuxianlindeMacBook-Pro.local

2023-03-08 17:53:31,304 ERROR 24126 [-/127.0.0.1/-/12ms POST /chat] nodejs.TypeError: Assignment to constant variable.
    at HomeController.chat (/Users/wuxianlin/Documents/github_money/youbot/app/controller/home.js:17:47)
    at Object.callFn (/Users/wuxianlin/Documents/github_money/youbot/node_modules/egg-core/lib/utils/index.js:44:21)
    at Object.classControllerMiddleware (/Users/wuxianlin/Documents/github_money/youbot/node_modules/egg-core/lib/loader/mixin/controller.js:87:20)
    at Object.callFn (/Users/wuxianlin/Documents/github_money/youbot/node_modules/@eggjs/router/lib/utils.js:12:21)
    at wrappedController (/Users/wuxianlin/Documents/github_money/youbot/node_modules/@eggjs/router/lib/egg_router.js:322:18)
    at dispatch (/Users/wuxianlin/Documents/github_money/youbot/node_modules/koa-compose/index.js:44:32)
    at next (/Users/wuxianlin/Documents/github_money/youbot/node_modules/koa-compose/index.js:45:18)
    at /Users/wuxianlin/Documents/github_money/youbot/node_modules/@eggjs/router/lib/router.js:186:18
    at dispatch (/Users/wuxianlin/Documents/github_money/youbot/node_modules/koa-compose/index.js:44:32)
    at /Users/wuxianlin/Documents/github_money/youbot/node_modules/koa-compose/index.js:36:12

pid: 24126
hostname: wuxianlindeMacBook-Pro.local

2023-03-22 10:31:16,268 ERROR 11097 [-/127.0.0.1/-/6225ms POST /videoParse?text=https://v.douyin.com/A1NXDK3/] nodejs.Error: Evaluation failed: TypeError: Cannot read properties of null (reading '__vue__')
    at pptr://__puppeteer_evaluation_script__:8:13
    at new Promise (<anonymous>)
    at pptr://__puppeteer_evaluation_script__:4:14
    at pptr://__puppeteer_evaluation_script__:8:13
    at new Promise (<anonymous>)
    at pptr://__puppeteer_evaluation_script__:4:14
    at ExecutionContext._ExecutionContext_evaluate (/Users/wuxianlin/Documents/github_money/youbot/node_modules/puppeteer-core/lib/cjs/puppeteer/common/ExecutionContext.js:255:15)
    at processTicksAndRejections (node:internal/process/task_queues:96:5)
    at async ExecutionContext.evaluate (/Users/wuxianlin/Documents/github_money/youbot/node_modules/puppeteer-core/lib/cjs/puppeteer/common/ExecutionContext.js:143:16)
    at async getResult (/Users/wuxianlin/Documents/github_money/youbot/broswer/video.js:33:15)
    at async featch (/Users/wuxianlin/Documents/github_money/youbot/broswer/video.js:64:15)
    at async HomeController.videoParse (/Users/wuxianlin/Documents/github_money/youbot/app/controller/home.js:26:20)
    at async /Users/wuxianlin/Documents/github_money/youbot/node_modules/egg-development/app/middleware/egg_loader_trace.js:9:50
    at async xframe (/Users/wuxianlin/Documents/github_money/youbot/node_modules/egg-security/lib/middlewares/xframe.js:7:5)
    at async xssProtection (/Users/wuxianlin/Documents/github_money/youbot/node_modules/egg-security/lib/middlewares/xssProtection.js:7:5)
    at async nosniff (/Users/wuxianlin/Documents/github_money/youbot/node_modules/egg-security/lib/middlewares/nosniff.js:8:5)

pid: 11097
hostname: wuxianlindeMacBook-Pro.local

2023-03-22 10:39:31,860 ERROR 11502 [-/127.0.0.1/-/2552ms POST /videoParse?text=https://v.douyin.com/A1NXDK3/] nodejs.Error: Evaluation failed: TypeError: Cannot read properties of undefined (reading 'lastIndexOf')
    at nt.submit (https://weibo.iiilab.com/static/js/vue-resource.min.js?v27:1:1956)
    at nt.n [as submit] (https://lib.baomitu.com/vue/2.2.6/vue.min.js:6:839)
    at pptr://__puppeteer_evaluation_script__:8:21
    at new Promise (<anonymous>)
    at pptr://__puppeteer_evaluation_script__:4:14
    at nt.submit (https://weibo.iiilab.com/static/js/vue-resource.min.js?v27:1:1956)
    at nt.n [as submit] (https://lib.baomitu.com/vue/2.2.6/vue.min.js:6:839)
    at pptr://__puppeteer_evaluation_script__:8:21
    at new Promise (<anonymous>)
    at pptr://__puppeteer_evaluation_script__:4:14
    at ExecutionContext._ExecutionContext_evaluate (/Users/wuxianlin/Documents/github_money/youbot/node_modules/puppeteer-core/lib/cjs/puppeteer/common/ExecutionContext.js:255:15)
    at processTicksAndRejections (node:internal/process/task_queues:96:5)
    at async ExecutionContext.evaluate (/Users/wuxianlin/Documents/github_money/youbot/node_modules/puppeteer-core/lib/cjs/puppeteer/common/ExecutionContext.js:143:16)
    at async getResult (/Users/wuxianlin/Documents/github_money/youbot/broswer/video.js:33:15)
    at async featch (/Users/wuxianlin/Documents/github_money/youbot/broswer/video.js:65:15)
    at async HomeController.videoParse (/Users/wuxianlin/Documents/github_money/youbot/app/controller/home.js:26:20)
    at async /Users/wuxianlin/Documents/github_money/youbot/node_modules/egg-development/app/middleware/egg_loader_trace.js:9:50
    at async xframe (/Users/wuxianlin/Documents/github_money/youbot/node_modules/egg-security/lib/middlewares/xframe.js:7:5)
    at async xssProtection (/Users/wuxianlin/Documents/github_money/youbot/node_modules/egg-security/lib/middlewares/xssProtection.js:7:5)
    at async nosniff (/Users/wuxianlin/Documents/github_money/youbot/node_modules/egg-security/lib/middlewares/nosniff.js:8:5)

pid: 11502
hostname: wuxianlindeMacBook-Pro.local

2023-03-22 12:26:37,352 ERROR 12718 nodejs.ClusterClientNoResponseError: client no response in 2312886ms exceeding maxIdleTime 60000ms, maybe the connection is close on other side.
    at Timeout._onTimeout (/Users/wuxianlin/Documents/github_money/youbot/node_modules/cluster-client/lib/leader.js:79:25)
    at listOnTimeout (node:internal/timers:559:17)
    at processTimers (node:internal/timers:502:7)
name: "ClusterClientNoResponseError"
pid: 12718
hostname: wuxianlindeMacBook-Pro.local

2023-03-22 13:33:43,526 ERROR 12718 nodejs.ClusterClientNoResponseError: client no response in 2625796ms exceeding maxIdleTime 60000ms, maybe the connection is close on other side.
    at Timeout._onTimeout (/Users/wuxianlin/Documents/github_money/youbot/node_modules/cluster-client/lib/leader.js:79:25)
    at listOnTimeout (node:internal/timers:559:17)
    at processTimers (node:internal/timers:502:7)
name: "ClusterClientNoResponseError"
pid: 12718
hostname: wuxianlindeMacBook-Pro.local

2023-03-22 14:50:44,078 ERROR 12718 nodejs.ClusterClientNoResponseError: client no response in 399933ms exceeding maxIdleTime 60000ms, maybe the connection is close on other side.
    at Timeout._onTimeout (/Users/wuxianlin/Documents/github_money/youbot/node_modules/cluster-client/lib/leader.js:79:25)
    at listOnTimeout (node:internal/timers:559:17)
    at processTimers (node:internal/timers:502:7)
name: "ClusterClientNoResponseError"
pid: 12718
hostname: wuxianlindeMacBook-Pro.local

2023-03-22 14:56:30,147 ERROR 13613 [-/127.0.0.1/-/19113ms POST /videoParse?text=] nodejs.ProtocolError: Protocol error (Runtime.callFunctionOn): Target closed.
    at /Users/wuxianlin/Documents/github_money/youbot/node_modules/puppeteer-core/lib/cjs/puppeteer/common/Connection.js:330:24
    at new Promise (<anonymous>)
    at CDPSessionImpl.send (/Users/wuxianlin/Documents/github_money/youbot/node_modules/puppeteer-core/lib/cjs/puppeteer/common/Connection.js:326:16)
    at ExecutionContext._ExecutionContext_evaluate (/Users/wuxianlin/Documents/github_money/youbot/node_modules/puppeteer-core/lib/cjs/puppeteer/common/ExecutionContext.js:237:46)
    at processTicksAndRejections (node:internal/process/task_queues:96:5)
    at async ExecutionContext.evaluate (/Users/wuxianlin/Documents/github_money/youbot/node_modules/puppeteer-core/lib/cjs/puppeteer/common/ExecutionContext.js:143:16)
    at async getResult (/Users/wuxianlin/Documents/github_money/youbot/broswer/video.js:33:15)
    at async featch (/Users/wuxianlin/Documents/github_money/youbot/broswer/video.js:124:15)
    at async HomeController.videoParse (/Users/wuxianlin/Documents/github_money/youbot/app/controller/home.js:26:20)
    at async /Users/wuxianlin/Documents/github_money/youbot/node_modules/egg-development/app/middleware/egg_loader_trace.js:9:50
name: "ProtocolError"
message: "Protocol error (Runtime.callFunctionOn): Target closed."
pid: 13613
hostname: wuxianlindeMacBook-Pro.local

2023-03-22 14:57:56,261 ERROR 13781 [-/127.0.0.1/-/18374ms POST /videoParse?text=] nodejs.ProtocolError: Protocol error (Runtime.callFunctionOn): Target closed.
    at /Users/wuxianlin/Documents/github_money/youbot/node_modules/puppeteer-core/lib/cjs/puppeteer/common/Connection.js:330:24
    at new Promise (<anonymous>)
    at CDPSessionImpl.send (/Users/wuxianlin/Documents/github_money/youbot/node_modules/puppeteer-core/lib/cjs/puppeteer/common/Connection.js:326:16)
    at ExecutionContext._ExecutionContext_evaluate (/Users/wuxianlin/Documents/github_money/youbot/node_modules/puppeteer-core/lib/cjs/puppeteer/common/ExecutionContext.js:237:46)
    at processTicksAndRejections (node:internal/process/task_queues:96:5)
    at async ExecutionContext.evaluate (/Users/wuxianlin/Documents/github_money/youbot/node_modules/puppeteer-core/lib/cjs/puppeteer/common/ExecutionContext.js:143:16)
    at async getResult (/Users/wuxianlin/Documents/github_money/youbot/broswer/video.js:33:15)
    at async featch (/Users/wuxianlin/Documents/github_money/youbot/broswer/video.js:124:15)
    at async HomeController.videoParse (/Users/wuxianlin/Documents/github_money/youbot/app/controller/home.js:26:20)
    at async /Users/wuxianlin/Documents/github_money/youbot/node_modules/egg-development/app/middleware/egg_loader_trace.js:9:50
name: "ProtocolError"
message: "Protocol error (Runtime.callFunctionOn): Target closed."
pid: 13781
hostname: wuxianlindeMacBook-Pro.local

2023-03-22 14:58:55,420 ERROR 13988 [-/127.0.0.1/-/2438ms POST /videoParse?text=] nodejs.Error: Evaluation failed: TypeError: Cannot read properties of undefined (reading 'lastIndexOf')
    at nt.submit (https://weibo.iiilab.com/static/js/vue-resource.min.js?v27:1:1956)
    at nt.n [as submit] (https://lib.baomitu.com/vue/2.2.6/vue.min.js:6:839)
    at pptr://__puppeteer_evaluation_script__:64:15
    at new Promise (<anonymous>)
    at pptr://__puppeteer_evaluation_script__:4:14
    at nt.submit (https://weibo.iiilab.com/static/js/vue-resource.min.js?v27:1:1956)
    at nt.n [as submit] (https://lib.baomitu.com/vue/2.2.6/vue.min.js:6:839)
    at pptr://__puppeteer_evaluation_script__:64:15
    at new Promise (<anonymous>)
    at pptr://__puppeteer_evaluation_script__:4:14
    at ExecutionContext._ExecutionContext_evaluate (/Users/wuxianlin/Documents/github_money/youbot/node_modules/puppeteer-core/lib/cjs/puppeteer/common/ExecutionContext.js:255:15)
    at processTicksAndRejections (node:internal/process/task_queues:96:5)
    at async ExecutionContext.evaluate (/Users/wuxianlin/Documents/github_money/youbot/node_modules/puppeteer-core/lib/cjs/puppeteer/common/ExecutionContext.js:143:16)
    at async getResult (/Users/wuxianlin/Documents/github_money/youbot/broswer/video.js:33:15)
    at async featch (/Users/wuxianlin/Documents/github_money/youbot/broswer/video.js:121:15)
    at async HomeController.videoParse (/Users/wuxianlin/Documents/github_money/youbot/app/controller/home.js:26:20)
    at async /Users/wuxianlin/Documents/github_money/youbot/node_modules/egg-development/app/middleware/egg_loader_trace.js:9:50
    at async xframe (/Users/wuxianlin/Documents/github_money/youbot/node_modules/egg-security/lib/middlewares/xframe.js:7:5)
    at async xssProtection (/Users/wuxianlin/Documents/github_money/youbot/node_modules/egg-security/lib/middlewares/xssProtection.js:7:5)
    at async nosniff (/Users/wuxianlin/Documents/github_money/youbot/node_modules/egg-security/lib/middlewares/nosniff.js:8:5)

pid: 13988
hostname: wuxianlindeMacBook-Pro.local

2023-03-22 14:59:29,641 ERROR 13988 [-/127.0.0.1/-/2576ms POST /videoParse?text=https://v.douyin.com/A1NXDK3/] nodejs.Error: Evaluation failed: TypeError: Cannot read properties of undefined (reading 'lastIndexOf')
    at nt.submit (https://weibo.iiilab.com/static/js/vue-resource.min.js?v27:1:1956)
    at nt.n [as submit] (https://lib.baomitu.com/vue/2.2.6/vue.min.js:6:839)
    at pptr://__puppeteer_evaluation_script__:64:15
    at new Promise (<anonymous>)
    at pptr://__puppeteer_evaluation_script__:4:14
    at nt.submit (https://weibo.iiilab.com/static/js/vue-resource.min.js?v27:1:1956)
    at nt.n [as submit] (https://lib.baomitu.com/vue/2.2.6/vue.min.js:6:839)
    at pptr://__puppeteer_evaluation_script__:64:15
    at new Promise (<anonymous>)
    at pptr://__puppeteer_evaluation_script__:4:14
    at ExecutionContext._ExecutionContext_evaluate (/Users/wuxianlin/Documents/github_money/youbot/node_modules/puppeteer-core/lib/cjs/puppeteer/common/ExecutionContext.js:255:15)
    at processTicksAndRejections (node:internal/process/task_queues:96:5)
    at async ExecutionContext.evaluate (/Users/wuxianlin/Documents/github_money/youbot/node_modules/puppeteer-core/lib/cjs/puppeteer/common/ExecutionContext.js:143:16)
    at async getResult (/Users/wuxianlin/Documents/github_money/youbot/broswer/video.js:33:15)
    at async featch (/Users/wuxianlin/Documents/github_money/youbot/broswer/video.js:121:15)
    at async HomeController.videoParse (/Users/wuxianlin/Documents/github_money/youbot/app/controller/home.js:26:20)
    at async /Users/wuxianlin/Documents/github_money/youbot/node_modules/egg-development/app/middleware/egg_loader_trace.js:9:50
    at async xframe (/Users/wuxianlin/Documents/github_money/youbot/node_modules/egg-security/lib/middlewares/xframe.js:7:5)
    at async xssProtection (/Users/wuxianlin/Documents/github_money/youbot/node_modules/egg-security/lib/middlewares/xssProtection.js:7:5)
    at async nosniff (/Users/wuxianlin/Documents/github_money/youbot/node_modules/egg-security/lib/middlewares/nosniff.js:8:5)

pid: 13988
hostname: wuxianlindeMacBook-Pro.local

